<?xml version="1.0" encoding="UTF-8"?>
<!-- Generated by org.testng.reporters.JUnitReportReporter -->
<testsuite skipped="0" hostname="PIL-SD-ND-026" name="com.testcases.TestCases" tests="1" failures="0" timestamp="26 Jun 2018 11:41:41 GMT" time="30.426" errors="0">
  <testcase name="FormPreviewTc" time="30.426" classname="com.testcases.TestCases"/>
</testsuite> <!-- com.testcases.TestCases -->
