<?xml version="1.0" encoding="UTF-8"?>
<!-- Generated by org.testng.reporters.JUnitReportReporter -->
<testsuite hostname="Scarlet-PC" name="com.inputdata.inputdata" tests="1" failures="0" timestamp="28 Dec 2014 20:09:24 GMT" time="0.273" errors="0">
  <testcase name="m1" time="0.273" classname="com.inputdata.inputdata"/>
</testsuite> <!-- com.inputdata.inputdata -->
